<?xml version="1.0" encoding="UTF-8"?>
<!-- Generated by org.testng.reporters.JUnitReportReporter -->
<testsuite hostname="DESKTOP-R0FCB55" name="com.qa.test.POST_Request" tests="1" failures="0" timestamp="16 Apr 2021 14:46:52 GMT" time="2.243" errors="0">
  <testcase name="postTest_03" time="2.243" classname="com.qa.test.POST_Request"/>
</testsuite> <!-- com.qa.test.POST_Request -->
