<?xml version="1.0" encoding="UTF-8"?>
<!-- Generated by org.testng.reporters.JUnitReportReporter -->
<testsuite hostname="DESKTOP-R0FCB55" name="com.qa.test.PUT_Request" tests="1" failures="0" timestamp="16 Apr 2021 14:38:29 GMT" time="1.956" errors="0">
  <testcase name="putTest_01" time="1.956" classname="com.qa.test.PUT_Request"/>
</testsuite> <!-- com.qa.test.PUT_Request -->
