<?xml version="1.0" encoding="UTF-8"?>
<!-- Generated by org.testng.reporters.JUnitReportReporter -->
<testsuite hostname="DESKTOP-R0FCB55" name="com.qa.test.GET_Request" tests="4" failures="0" timestamp="16 Apr 2021 14:38:29 GMT" time="1.169" errors="0">
  <testcase name="test_01" time="0.857" classname="com.qa.test.GET_Request"/>
  <testcase name="test_02" time="0.120" classname="com.qa.test.GET_Request"/>
  <testcase name="test_03" time="0.104" classname="com.qa.test.GET_Request"/>
  <testcase name="test_04" time="0.088" classname="com.qa.test.GET_Request"/>
</testsuite> <!-- com.qa.test.GET_Request -->
