<?xml version="1.0" encoding="UTF-8"?>
<!-- Generated by org.testng.reporters.JUnitReportReporter -->
<testsuite hostname="DESKTOP-R0FCB55" name="com.qa.test.Delete_Request" tests="1" failures="0" timestamp="16 Apr 2021 14:38:29 GMT" time="0.184" errors="0">
  <testcase name="testDelete_01" time="0.184" classname="com.qa.test.Delete_Request"/>
</testsuite> <!-- com.qa.test.Delete_Request -->
