<?xml version="1.0" encoding="UTF-8"?>
<!-- Generated by org.testng.reporters.JUnitReportReporter -->
<testsuite hostname="DESKTOP-R0FCB55" name="com.qa.test.TC01_GET" tests="3" failures="0" timestamp="15 Apr 2021 19:05:37 GMT" time="3.104" errors="0">
  <testcase name="test_03" time="0.116" classname="com.qa.test.TC01_GET"/>
  <testcase name="test_01" time="2.049" classname="com.qa.test.TC01_GET"/>
  <testcase name="test_02" time="0.939" classname="com.qa.test.TC01_GET"/>
</testsuite> <!-- com.qa.test.TC01_GET -->
